14.01.2022 00:10:50.085 [main] INFO   o.s.b.t.c.SpringBootTestContextBootstrapper - Neither @ContextConfiguration nor @ContextHierarchy found for test class [com.example.notebookbot.utilits.TestUtils], using SpringBootContextLoader
14.01.2022 00:10:50.096 [main] INFO   o.s.t.c.s.AbstractContextLoader - Could not detect default resource locations for test class [com.example.notebookbot.utilits.TestUtils]: no resource found for suffixes {-context.xml, Context.groovy}.
14.01.2022 00:10:50.097 [main] INFO   o.s.t.c.s.AnnotationConfigContextLoaderUtils - Could not detect default configuration classes for test class [com.example.notebookbot.utilits.TestUtils]: TestUtils does not declare any static, non-private, non-final, nested classes annotated with @Configuration.
14.01.2022 00:10:50.270 [main] INFO   o.s.b.t.c.SpringBootTestContextBootstrapper - Found @SpringBootConfiguration com.example.notebookbot.NotebookBotApplication for test class com.example.notebookbot.utilits.TestUtils
14.01.2022 00:10:50.359 [main] INFO   o.s.b.t.c.SpringBootTestContextBootstrapper - Loaded default TestExecutionListener class names from location [META-INF/spring.factories]: [org.springframework.boot.test.mock.mockito.MockitoTestExecutionListener, org.springframework.boot.test.mock.mockito.ResetMocksTestExecutionListener, org.springframework.boot.test.autoconfigure.restdocs.RestDocsTestExecutionListener, org.springframework.boot.test.autoconfigure.web.client.MockRestServiceServerResetTestExecutionListener, org.springframework.boot.test.autoconfigure.web.servlet.MockMvcPrintOnlyOnFailureTestExecutionListener, org.springframework.boot.test.autoconfigure.web.servlet.WebDriverTestExecutionListener, org.springframework.boot.test.autoconfigure.webservices.client.MockWebServiceServerTestExecutionListener, org.springframework.test.context.web.ServletTestExecutionListener, org.springframework.test.context.support.DirtiesContextBeforeModesTestExecutionListener, org.springframework.test.context.event.ApplicationEventsTestExecutionListener, org.springframework.test.context.support.DependencyInjectionTestExecutionListener, org.springframework.test.context.support.DirtiesContextTestExecutionListener, org.springframework.test.context.transaction.TransactionalTestExecutionListener, org.springframework.test.context.jdbc.SqlScriptsTestExecutionListener, org.springframework.test.context.event.EventPublishingTestExecutionListener]
14.01.2022 00:10:50.372 [main] INFO   o.s.b.t.c.SpringBootTestContextBootstrapper - Using TestExecutionListeners: [org.springframework.test.context.support.DirtiesContextBeforeModesTestExecutionListener@cd1d761, org.springframework.test.context.event.ApplicationEventsTestExecutionListener@68be8808, org.springframework.boot.test.mock.mockito.MockitoTestExecutionListener@32193bea, org.springframework.boot.test.autoconfigure.SpringBootDependencyInjectionTestExecutionListener@6b8d96d9, org.springframework.test.context.support.DirtiesContextTestExecutionListener@69653e16, org.springframework.test.context.transaction.TransactionalTestExecutionListener@758705fa, org.springframework.test.context.jdbc.SqlScriptsTestExecutionListener@ebaa6cb, org.springframework.test.context.event.EventPublishingTestExecutionListener@906d29b, org.springframework.boot.test.mock.mockito.ResetMocksTestExecutionListener@49d3c823, org.springframework.boot.test.autoconfigure.restdocs.RestDocsTestExecutionListener@436bc36, org.springframework.boot.test.autoconfigure.web.client.MockRestServiceServerResetTestExecutionListener@5fe1ce85, org.springframework.boot.test.autoconfigure.web.servlet.MockMvcPrintOnlyOnFailureTestExecutionListener@604c5de8, org.springframework.boot.test.autoconfigure.web.servlet.WebDriverTestExecutionListener@37091312, org.springframework.boot.test.autoconfigure.webservices.client.MockWebServiceServerTestExecutionListener@66fdec9]
14.01.2022 00:10:50.856 [main] WARN   o.s.b.t.j.DuplicateJsonObjectContextCustomizerFactory$DuplicateJsonObjectContextCustomizer - 

Found multiple occurrences of org.json.JSONObject on the class path:

	jar:file:/Users/sergey/.m2/repository/org/json/json/20180813/json-20180813.jar!/org/json/JSONObject.class
	jar:file:/Users/sergey/.m2/repository/com/vaadin/external/google/android-json/0.0.20131108.vaadin1/android-json-0.0.20131108.vaadin1.jar!/org/json/JSONObject.class

You may wish to exclude one of them to ensure predictable runtime behavior

14.01.2022 00:10:50.869 [main] INFO   c.e.n.u.TestUtils - Starting TestUtils using Java 17.0.1 on 192.168.1.2 with PID 4422 (started by sergey in /Users/sergey/Desktop/notebook-bot)
14.01.2022 00:10:50.870 [main] INFO   c.e.n.u.TestUtils - No active profile set, falling back to default profiles: default
14.01.2022 00:10:51.487 [main] INFO   o.s.d.r.c.RepositoryConfigurationDelegate - Bootstrapping Spring Data JPA repositories in DEFAULT mode.
14.01.2022 00:10:51.610 [main] INFO   o.s.d.r.c.RepositoryConfigurationDelegate - Finished Spring Data repository scanning in 113 ms. Found 2 JPA repository interfaces.
14.01.2022 00:10:52.324 [main] INFO   c.z.h.HikariDataSource - HikariPool-1 - Starting...
14.01.2022 00:10:52.529 [main] INFO   c.z.h.HikariDataSource - HikariPool-1 - Start completed.
14.01.2022 00:10:52.870 [main] INFO   o.h.j.i.u.LogHelper - HHH000204: Processing PersistenceUnitInfo [name: default]
14.01.2022 00:10:52.913 [main] INFO   o.hibernate.Version - HHH000412: Hibernate ORM core version 5.6.3.Final
14.01.2022 00:10:53.060 [main] INFO   o.h.a.common.Version - HCANN000001: Hibernate Commons Annotations {5.1.2.Final}
14.01.2022 00:10:53.137 [main] INFO   o.h.dialect.Dialect - HHH000400: Using dialect: org.hibernate.dialect.PostgreSQL10Dialect
14.01.2022 00:10:53.697 [main] INFO   o.h.e.t.j.p.i.JtaPlatformInitiator - HHH000490: Using JtaPlatform implementation: [org.hibernate.engine.transaction.jta.platform.internal.NoJtaPlatform]
14.01.2022 00:10:53.706 [main] INFO   o.s.o.j.LocalContainerEntityManagerFactoryBean - Initialized JPA EntityManagerFactory for persistence unit 'default'
14.01.2022 00:10:55.511 [main] INFO   c.e.n.u.TestUtils - Started TestUtils in 5.077 seconds (JVM running for 6.707)
14.01.2022 00:10:55.948 [SpringApplicationShutdownHook] INFO   o.s.o.j.LocalContainerEntityManagerFactoryBean - Closing JPA EntityManagerFactory for persistence unit 'default'
14.01.2022 00:10:55.952 [SpringApplicationShutdownHook] INFO   c.z.h.HikariDataSource - HikariPool-1 - Shutdown initiated...
14.01.2022 00:10:55.956 [SpringApplicationShutdownHook] INFO   c.z.h.HikariDataSource - HikariPool-1 - Shutdown completed.
14.01.2022 00:12:25.336 [main] INFO   o.s.b.t.c.SpringBootTestContextBootstrapper - Neither @ContextConfiguration nor @ContextHierarchy found for test class [com.example.notebookbot.utilits.TestUtils], using SpringBootContextLoader
14.01.2022 00:12:25.342 [main] INFO   o.s.t.c.s.AbstractContextLoader - Could not detect default resource locations for test class [com.example.notebookbot.utilits.TestUtils]: no resource found for suffixes {-context.xml, Context.groovy}.
14.01.2022 00:12:25.342 [main] INFO   o.s.t.c.s.AnnotationConfigContextLoaderUtils - Could not detect default configuration classes for test class [com.example.notebookbot.utilits.TestUtils]: TestUtils does not declare any static, non-private, non-final, nested classes annotated with @Configuration.
14.01.2022 00:12:25.520 [main] INFO   o.s.b.t.c.SpringBootTestContextBootstrapper - Found @SpringBootConfiguration com.example.notebookbot.NotebookBotApplication for test class com.example.notebookbot.utilits.TestUtils
14.01.2022 00:12:25.625 [main] INFO   o.s.b.t.c.SpringBootTestContextBootstrapper - Loaded default TestExecutionListener class names from location [META-INF/spring.factories]: [org.springframework.boot.test.mock.mockito.MockitoTestExecutionListener, org.springframework.boot.test.mock.mockito.ResetMocksTestExecutionListener, org.springframework.boot.test.autoconfigure.restdocs.RestDocsTestExecutionListener, org.springframework.boot.test.autoconfigure.web.client.MockRestServiceServerResetTestExecutionListener, org.springframework.boot.test.autoconfigure.web.servlet.MockMvcPrintOnlyOnFailureTestExecutionListener, org.springframework.boot.test.autoconfigure.web.servlet.WebDriverTestExecutionListener, org.springframework.boot.test.autoconfigure.webservices.client.MockWebServiceServerTestExecutionListener, org.springframework.test.context.web.ServletTestExecutionListener, org.springframework.test.context.support.DirtiesContextBeforeModesTestExecutionListener, org.springframework.test.context.event.ApplicationEventsTestExecutionListener, org.springframework.test.context.support.DependencyInjectionTestExecutionListener, org.springframework.test.context.support.DirtiesContextTestExecutionListener, org.springframework.test.context.transaction.TransactionalTestExecutionListener, org.springframework.test.context.jdbc.SqlScriptsTestExecutionListener, org.springframework.test.context.event.EventPublishingTestExecutionListener]
14.01.2022 00:12:25.640 [main] INFO   o.s.b.t.c.SpringBootTestContextBootstrapper - Using TestExecutionListeners: [org.springframework.test.context.support.DirtiesContextBeforeModesTestExecutionListener@6179e425, org.springframework.test.context.event.ApplicationEventsTestExecutionListener@35f26e72, org.springframework.boot.test.mock.mockito.MockitoTestExecutionListener@2d6764b2, org.springframework.boot.test.autoconfigure.SpringBootDependencyInjectionTestExecutionListener@67304a40, org.springframework.test.context.support.DirtiesContextTestExecutionListener@49c6c24f, org.springframework.test.context.transaction.TransactionalTestExecutionListener@6fe1b4fb, org.springframework.test.context.jdbc.SqlScriptsTestExecutionListener@79351f41, org.springframework.test.context.event.EventPublishingTestExecutionListener@1c32386d, org.springframework.boot.test.mock.mockito.ResetMocksTestExecutionListener@6399551e, org.springframework.boot.test.autoconfigure.restdocs.RestDocsTestExecutionListener@13d73fa, org.springframework.boot.test.autoconfigure.web.client.MockRestServiceServerResetTestExecutionListener@5023bb8b, org.springframework.boot.test.autoconfigure.web.servlet.MockMvcPrintOnlyOnFailureTestExecutionListener@5d5f10b2, org.springframework.boot.test.autoconfigure.web.servlet.WebDriverTestExecutionListener@74c79fa2, org.springframework.boot.test.autoconfigure.webservices.client.MockWebServiceServerTestExecutionListener@1e0f9063]
14.01.2022 00:12:26.164 [main] WARN   o.s.b.t.j.DuplicateJsonObjectContextCustomizerFactory$DuplicateJsonObjectContextCustomizer - 

Found multiple occurrences of org.json.JSONObject on the class path:

	jar:file:/Users/sergey/.m2/repository/org/json/json/20180813/json-20180813.jar!/org/json/JSONObject.class
	jar:file:/Users/sergey/.m2/repository/com/vaadin/external/google/android-json/0.0.20131108.vaadin1/android-json-0.0.20131108.vaadin1.jar!/org/json/JSONObject.class

You may wish to exclude one of them to ensure predictable runtime behavior

14.01.2022 00:12:26.183 [main] INFO   c.e.n.u.TestUtils - Starting TestUtils using Java 17.0.1 on 192.168.1.2 with PID 4508 (started by sergey in /Users/sergey/Desktop/notebook-bot)
14.01.2022 00:12:26.184 [main] INFO   c.e.n.u.TestUtils - No active profile set, falling back to default profiles: default
14.01.2022 00:12:26.840 [main] INFO   o.s.d.r.c.RepositoryConfigurationDelegate - Bootstrapping Spring Data JPA repositories in DEFAULT mode.
14.01.2022 00:12:26.956 [main] INFO   o.s.d.r.c.RepositoryConfigurationDelegate - Finished Spring Data repository scanning in 107 ms. Found 2 JPA repository interfaces.
14.01.2022 00:12:27.756 [main] INFO   c.z.h.HikariDataSource - HikariPool-1 - Starting...
14.01.2022 00:12:27.964 [main] INFO   c.z.h.HikariDataSource - HikariPool-1 - Start completed.
14.01.2022 00:12:28.285 [main] INFO   o.h.j.i.u.LogHelper - HHH000204: Processing PersistenceUnitInfo [name: default]
14.01.2022 00:12:28.336 [main] INFO   o.hibernate.Version - HHH000412: Hibernate ORM core version 5.6.3.Final
14.01.2022 00:12:28.513 [main] INFO   o.h.a.common.Version - HCANN000001: Hibernate Commons Annotations {5.1.2.Final}
14.01.2022 00:12:28.595 [main] INFO   o.h.dialect.Dialect - HHH000400: Using dialect: org.hibernate.dialect.PostgreSQL10Dialect
14.01.2022 00:12:29.148 [main] INFO   o.h.e.t.j.p.i.JtaPlatformInitiator - HHH000490: Using JtaPlatform implementation: [org.hibernate.engine.transaction.jta.platform.internal.NoJtaPlatform]
14.01.2022 00:12:29.160 [main] INFO   o.s.o.j.LocalContainerEntityManagerFactoryBean - Initialized JPA EntityManagerFactory for persistence unit 'default'
14.01.2022 00:12:31.052 [main] INFO   c.e.n.u.TestUtils - Started TestUtils in 5.346 seconds (JVM running for 6.986)
14.01.2022 00:12:31.441 [SpringApplicationShutdownHook] INFO   o.s.o.j.LocalContainerEntityManagerFactoryBean - Closing JPA EntityManagerFactory for persistence unit 'default'
14.01.2022 00:12:31.447 [SpringApplicationShutdownHook] INFO   c.z.h.HikariDataSource - HikariPool-1 - Shutdown initiated...
14.01.2022 00:12:31.451 [SpringApplicationShutdownHook] INFO   c.z.h.HikariDataSource - HikariPool-1 - Shutdown completed.
14.01.2022 00:14:13.583 [main] INFO   o.s.b.t.c.SpringBootTestContextBootstrapper - Neither @ContextConfiguration nor @ContextHierarchy found for test class [com.example.notebookbot.utilits.TestUtils], using SpringBootContextLoader
14.01.2022 00:14:13.589 [main] INFO   o.s.t.c.s.AbstractContextLoader - Could not detect default resource locations for test class [com.example.notebookbot.utilits.TestUtils]: no resource found for suffixes {-context.xml, Context.groovy}.
14.01.2022 00:14:13.590 [main] INFO   o.s.t.c.s.AnnotationConfigContextLoaderUtils - Could not detect default configuration classes for test class [com.example.notebookbot.utilits.TestUtils]: TestUtils does not declare any static, non-private, non-final, nested classes annotated with @Configuration.
14.01.2022 00:14:13.758 [main] INFO   o.s.b.t.c.SpringBootTestContextBootstrapper - Found @SpringBootConfiguration com.example.notebookbot.NotebookBotApplication for test class com.example.notebookbot.utilits.TestUtils
14.01.2022 00:14:13.849 [main] INFO   o.s.b.t.c.SpringBootTestContextBootstrapper - Loaded default TestExecutionListener class names from location [META-INF/spring.factories]: [org.springframework.boot.test.mock.mockito.MockitoTestExecutionListener, org.springframework.boot.test.mock.mockito.ResetMocksTestExecutionListener, org.springframework.boot.test.autoconfigure.restdocs.RestDocsTestExecutionListener, org.springframework.boot.test.autoconfigure.web.client.MockRestServiceServerResetTestExecutionListener, org.springframework.boot.test.autoconfigure.web.servlet.MockMvcPrintOnlyOnFailureTestExecutionListener, org.springframework.boot.test.autoconfigure.web.servlet.WebDriverTestExecutionListener, org.springframework.boot.test.autoconfigure.webservices.client.MockWebServiceServerTestExecutionListener, org.springframework.test.context.web.ServletTestExecutionListener, org.springframework.test.context.support.DirtiesContextBeforeModesTestExecutionListener, org.springframework.test.context.event.ApplicationEventsTestExecutionListener, org.springframework.test.context.support.DependencyInjectionTestExecutionListener, org.springframework.test.context.support.DirtiesContextTestExecutionListener, org.springframework.test.context.transaction.TransactionalTestExecutionListener, org.springframework.test.context.jdbc.SqlScriptsTestExecutionListener, org.springframework.test.context.event.EventPublishingTestExecutionListener]
14.01.2022 00:14:13.864 [main] INFO   o.s.b.t.c.SpringBootTestContextBootstrapper - Using TestExecutionListeners: [org.springframework.test.context.support.DirtiesContextBeforeModesTestExecutionListener@79351f41, org.springframework.test.context.event.ApplicationEventsTestExecutionListener@1c32386d, org.springframework.boot.test.mock.mockito.MockitoTestExecutionListener@6399551e, org.springframework.boot.test.autoconfigure.SpringBootDependencyInjectionTestExecutionListener@13d73fa, org.springframework.test.context.support.DirtiesContextTestExecutionListener@5023bb8b, org.springframework.test.context.transaction.TransactionalTestExecutionListener@5d5f10b2, org.springframework.test.context.jdbc.SqlScriptsTestExecutionListener@74c79fa2, org.springframework.test.context.event.EventPublishingTestExecutionListener@1e0f9063, org.springframework.boot.test.mock.mockito.ResetMocksTestExecutionListener@53bd8fca, org.springframework.boot.test.autoconfigure.restdocs.RestDocsTestExecutionListener@7642df8f, org.springframework.boot.test.autoconfigure.web.client.MockRestServiceServerResetTestExecutionListener@3e30646a, org.springframework.boot.test.autoconfigure.web.servlet.MockMvcPrintOnlyOnFailureTestExecutionListener@5cde6747, org.springframework.boot.test.autoconfigure.web.servlet.WebDriverTestExecutionListener@63a270c9, org.springframework.boot.test.autoconfigure.webservices.client.MockWebServiceServerTestExecutionListener@37c7595]
14.01.2022 00:14:14.355 [main] WARN   o.s.b.t.j.DuplicateJsonObjectContextCustomizerFactory$DuplicateJsonObjectContextCustomizer - 

Found multiple occurrences of org.json.JSONObject on the class path:

	jar:file:/Users/sergey/.m2/repository/org/json/json/20180813/json-20180813.jar!/org/json/JSONObject.class
	jar:file:/Users/sergey/.m2/repository/com/vaadin/external/google/android-json/0.0.20131108.vaadin1/android-json-0.0.20131108.vaadin1.jar!/org/json/JSONObject.class

You may wish to exclude one of them to ensure predictable runtime behavior

14.01.2022 00:14:14.369 [main] INFO   c.e.n.u.TestUtils - Starting TestUtils using Java 17.0.1 on 192.168.1.2 with PID 4535 (started by sergey in /Users/sergey/Desktop/notebook-bot)
14.01.2022 00:14:14.369 [main] INFO   c.e.n.u.TestUtils - No active profile set, falling back to default profiles: default
14.01.2022 00:14:15.012 [main] INFO   o.s.d.r.c.RepositoryConfigurationDelegate - Bootstrapping Spring Data JPA repositories in DEFAULT mode.
14.01.2022 00:14:15.123 [main] INFO   o.s.d.r.c.RepositoryConfigurationDelegate - Finished Spring Data repository scanning in 99 ms. Found 2 JPA repository interfaces.
14.01.2022 00:14:15.874 [main] INFO   c.z.h.HikariDataSource - HikariPool-1 - Starting...
14.01.2022 00:14:16.064 [main] INFO   c.z.h.HikariDataSource - HikariPool-1 - Start completed.
14.01.2022 00:14:16.373 [main] INFO   o.h.j.i.u.LogHelper - HHH000204: Processing PersistenceUnitInfo [name: default]
14.01.2022 00:14:16.419 [main] INFO   o.hibernate.Version - HHH000412: Hibernate ORM core version 5.6.3.Final
14.01.2022 00:14:16.566 [main] INFO   o.h.a.common.Version - HCANN000001: Hibernate Commons Annotations {5.1.2.Final}
14.01.2022 00:14:16.649 [main] INFO   o.h.dialect.Dialect - HHH000400: Using dialect: org.hibernate.dialect.PostgreSQL10Dialect
14.01.2022 00:14:17.187 [main] INFO   o.h.e.t.j.p.i.JtaPlatformInitiator - HHH000490: Using JtaPlatform implementation: [org.hibernate.engine.transaction.jta.platform.internal.NoJtaPlatform]
14.01.2022 00:14:17.205 [main] INFO   o.s.o.j.LocalContainerEntityManagerFactoryBean - Initialized JPA EntityManagerFactory for persistence unit 'default'
14.01.2022 00:14:19.080 [main] INFO   c.e.n.u.TestUtils - Started TestUtils in 5.14 seconds (JVM running for 6.788)
14.01.2022 00:14:19.471 [SpringApplicationShutdownHook] INFO   o.s.o.j.LocalContainerEntityManagerFactoryBean - Closing JPA EntityManagerFactory for persistence unit 'default'
14.01.2022 00:14:19.477 [SpringApplicationShutdownHook] INFO   c.z.h.HikariDataSource - HikariPool-1 - Shutdown initiated...
14.01.2022 00:14:19.481 [SpringApplicationShutdownHook] INFO   c.z.h.HikariDataSource - HikariPool-1 - Shutdown completed.
14.01.2022 00:15:22.857 [main] INFO   o.s.b.t.c.SpringBootTestContextBootstrapper - Neither @ContextConfiguration nor @ContextHierarchy found for test class [com.example.notebookbot.utilits.TestUtils], using SpringBootContextLoader
14.01.2022 00:15:22.863 [main] INFO   o.s.t.c.s.AbstractContextLoader - Could not detect default resource locations for test class [com.example.notebookbot.utilits.TestUtils]: no resource found for suffixes {-context.xml, Context.groovy}.
14.01.2022 00:15:22.864 [main] INFO   o.s.t.c.s.AnnotationConfigContextLoaderUtils - Could not detect default configuration classes for test class [com.example.notebookbot.utilits.TestUtils]: TestUtils does not declare any static, non-private, non-final, nested classes annotated with @Configuration.
14.01.2022 00:15:23.035 [main] INFO   o.s.b.t.c.SpringBootTestContextBootstrapper - Found @SpringBootConfiguration com.example.notebookbot.NotebookBotApplication for test class com.example.notebookbot.utilits.TestUtils
14.01.2022 00:15:23.127 [main] INFO   o.s.b.t.c.SpringBootTestContextBootstrapper - Loaded default TestExecutionListener class names from location [META-INF/spring.factories]: [org.springframework.boot.test.mock.mockito.MockitoTestExecutionListener, org.springframework.boot.test.mock.mockito.ResetMocksTestExecutionListener, org.springframework.boot.test.autoconfigure.restdocs.RestDocsTestExecutionListener, org.springframework.boot.test.autoconfigure.web.client.MockRestServiceServerResetTestExecutionListener, org.springframework.boot.test.autoconfigure.web.servlet.MockMvcPrintOnlyOnFailureTestExecutionListener, org.springframework.boot.test.autoconfigure.web.servlet.WebDriverTestExecutionListener, org.springframework.boot.test.autoconfigure.webservices.client.MockWebServiceServerTestExecutionListener, org.springframework.test.context.web.ServletTestExecutionListener, org.springframework.test.context.support.DirtiesContextBeforeModesTestExecutionListener, org.springframework.test.context.event.ApplicationEventsTestExecutionListener, org.springframework.test.context.support.DependencyInjectionTestExecutionListener, org.springframework.test.context.support.DirtiesContextTestExecutionListener, org.springframework.test.context.transaction.TransactionalTestExecutionListener, org.springframework.test.context.jdbc.SqlScriptsTestExecutionListener, org.springframework.test.context.event.EventPublishingTestExecutionListener]
14.01.2022 00:15:23.141 [main] INFO   o.s.b.t.c.SpringBootTestContextBootstrapper - Using TestExecutionListeners: [org.springframework.test.context.support.DirtiesContextBeforeModesTestExecutionListener@6179e425, org.springframework.test.context.event.ApplicationEventsTestExecutionListener@35f26e72, org.springframework.boot.test.mock.mockito.MockitoTestExecutionListener@2d6764b2, org.springframework.boot.test.autoconfigure.SpringBootDependencyInjectionTestExecutionListener@67304a40, org.springframework.test.context.support.DirtiesContextTestExecutionListener@49c6c24f, org.springframework.test.context.transaction.TransactionalTestExecutionListener@6fe1b4fb, org.springframework.test.context.jdbc.SqlScriptsTestExecutionListener@79351f41, org.springframework.test.context.event.EventPublishingTestExecutionListener@1c32386d, org.springframework.boot.test.mock.mockito.ResetMocksTestExecutionListener@6399551e, org.springframework.boot.test.autoconfigure.restdocs.RestDocsTestExecutionListener@13d73fa, org.springframework.boot.test.autoconfigure.web.client.MockRestServiceServerResetTestExecutionListener@5023bb8b, org.springframework.boot.test.autoconfigure.web.servlet.MockMvcPrintOnlyOnFailureTestExecutionListener@5d5f10b2, org.springframework.boot.test.autoconfigure.web.servlet.WebDriverTestExecutionListener@74c79fa2, org.springframework.boot.test.autoconfigure.webservices.client.MockWebServiceServerTestExecutionListener@1e0f9063]
14.01.2022 00:15:23.643 [main] WARN   o.s.b.t.j.DuplicateJsonObjectContextCustomizerFactory$DuplicateJsonObjectContextCustomizer - 

Found multiple occurrences of org.json.JSONObject on the class path:

	jar:file:/Users/sergey/.m2/repository/org/json/json/20180813/json-20180813.jar!/org/json/JSONObject.class
	jar:file:/Users/sergey/.m2/repository/com/vaadin/external/google/android-json/0.0.20131108.vaadin1/android-json-0.0.20131108.vaadin1.jar!/org/json/JSONObject.class

You may wish to exclude one of them to ensure predictable runtime behavior

14.01.2022 00:15:23.655 [main] INFO   c.e.n.u.TestUtils - Starting TestUtils using Java 17.0.1 on 192.168.1.2 with PID 4586 (started by sergey in /Users/sergey/Desktop/notebook-bot)
14.01.2022 00:15:23.656 [main] INFO   c.e.n.u.TestUtils - No active profile set, falling back to default profiles: default
14.01.2022 00:15:24.285 [main] INFO   o.s.d.r.c.RepositoryConfigurationDelegate - Bootstrapping Spring Data JPA repositories in DEFAULT mode.
14.01.2022 00:15:24.421 [main] INFO   o.s.d.r.c.RepositoryConfigurationDelegate - Finished Spring Data repository scanning in 124 ms. Found 2 JPA repository interfaces.
14.01.2022 00:15:25.175 [main] INFO   c.z.h.HikariDataSource - HikariPool-1 - Starting...
14.01.2022 00:15:25.380 [main] INFO   c.z.h.HikariDataSource - HikariPool-1 - Start completed.
14.01.2022 00:15:25.708 [main] INFO   o.h.j.i.u.LogHelper - HHH000204: Processing PersistenceUnitInfo [name: default]
14.01.2022 00:15:25.767 [main] INFO   o.hibernate.Version - HHH000412: Hibernate ORM core version 5.6.3.Final
14.01.2022 00:15:25.929 [main] INFO   o.h.a.common.Version - HCANN000001: Hibernate Commons Annotations {5.1.2.Final}
14.01.2022 00:15:26.009 [main] INFO   o.h.dialect.Dialect - HHH000400: Using dialect: org.hibernate.dialect.PostgreSQL10Dialect
14.01.2022 00:15:26.562 [main] INFO   o.h.e.t.j.p.i.JtaPlatformInitiator - HHH000490: Using JtaPlatform implementation: [org.hibernate.engine.transaction.jta.platform.internal.NoJtaPlatform]
14.01.2022 00:15:26.571 [main] INFO   o.s.o.j.LocalContainerEntityManagerFactoryBean - Initialized JPA EntityManagerFactory for persistence unit 'default'
14.01.2022 00:15:28.461 [main] INFO   c.e.n.u.TestUtils - Started TestUtils in 5.247 seconds (JVM running for 6.917)
14.01.2022 00:15:28.841 [SpringApplicationShutdownHook] INFO   o.s.o.j.LocalContainerEntityManagerFactoryBean - Closing JPA EntityManagerFactory for persistence unit 'default'
14.01.2022 00:15:28.846 [SpringApplicationShutdownHook] INFO   c.z.h.HikariDataSource - HikariPool-1 - Shutdown initiated...
14.01.2022 00:15:28.850 [SpringApplicationShutdownHook] INFO   c.z.h.HikariDataSource - HikariPool-1 - Shutdown completed.
14.01.2022 00:17:23.876 [main] INFO   o.s.b.t.c.SpringBootTestContextBootstrapper - Neither @ContextConfiguration nor @ContextHierarchy found for test class [com.example.notebookbot.utilits.TestUtils], using SpringBootContextLoader
14.01.2022 00:17:23.888 [main] INFO   o.s.t.c.s.AbstractContextLoader - Could not detect default resource locations for test class [com.example.notebookbot.utilits.TestUtils]: no resource found for suffixes {-context.xml, Context.groovy}.
14.01.2022 00:17:23.889 [main] INFO   o.s.t.c.s.AnnotationConfigContextLoaderUtils - Could not detect default configuration classes for test class [com.example.notebookbot.utilits.TestUtils]: TestUtils does not declare any static, non-private, non-final, nested classes annotated with @Configuration.
14.01.2022 00:17:24.053 [main] INFO   o.s.b.t.c.SpringBootTestContextBootstrapper - Found @SpringBootConfiguration com.example.notebookbot.NotebookBotApplication for test class com.example.notebookbot.utilits.TestUtils
14.01.2022 00:17:24.148 [main] INFO   o.s.b.t.c.SpringBootTestContextBootstrapper - Loaded default TestExecutionListener class names from location [META-INF/spring.factories]: [org.springframework.boot.test.mock.mockito.MockitoTestExecutionListener, org.springframework.boot.test.mock.mockito.ResetMocksTestExecutionListener, org.springframework.boot.test.autoconfigure.restdocs.RestDocsTestExecutionListener, org.springframework.boot.test.autoconfigure.web.client.MockRestServiceServerResetTestExecutionListener, org.springframework.boot.test.autoconfigure.web.servlet.MockMvcPrintOnlyOnFailureTestExecutionListener, org.springframework.boot.test.autoconfigure.web.servlet.WebDriverTestExecutionListener, org.springframework.boot.test.autoconfigure.webservices.client.MockWebServiceServerTestExecutionListener, org.springframework.test.context.web.ServletTestExecutionListener, org.springframework.test.context.support.DirtiesContextBeforeModesTestExecutionListener, org.springframework.test.context.event.ApplicationEventsTestExecutionListener, org.springframework.test.context.support.DependencyInjectionTestExecutionListener, org.springframework.test.context.support.DirtiesContextTestExecutionListener, org.springframework.test.context.transaction.TransactionalTestExecutionListener, org.springframework.test.context.jdbc.SqlScriptsTestExecutionListener, org.springframework.test.context.event.EventPublishingTestExecutionListener]
14.01.2022 00:17:24.163 [main] INFO   o.s.b.t.c.SpringBootTestContextBootstrapper - Using TestExecutionListeners: [org.springframework.test.context.support.DirtiesContextBeforeModesTestExecutionListener@6179e425, org.springframework.test.context.event.ApplicationEventsTestExecutionListener@35f26e72, org.springframework.boot.test.mock.mockito.MockitoTestExecutionListener@2d6764b2, org.springframework.boot.test.autoconfigure.SpringBootDependencyInjectionTestExecutionListener@67304a40, org.springframework.test.context.support.DirtiesContextTestExecutionListener@49c6c24f, org.springframework.test.context.transaction.TransactionalTestExecutionListener@6fe1b4fb, org.springframework.test.context.jdbc.SqlScriptsTestExecutionListener@79351f41, org.springframework.test.context.event.EventPublishingTestExecutionListener@1c32386d, org.springframework.boot.test.mock.mockito.ResetMocksTestExecutionListener@6399551e, org.springframework.boot.test.autoconfigure.restdocs.RestDocsTestExecutionListener@13d73fa, org.springframework.boot.test.autoconfigure.web.client.MockRestServiceServerResetTestExecutionListener@5023bb8b, org.springframework.boot.test.autoconfigure.web.servlet.MockMvcPrintOnlyOnFailureTestExecutionListener@5d5f10b2, org.springframework.boot.test.autoconfigure.web.servlet.WebDriverTestExecutionListener@74c79fa2, org.springframework.boot.test.autoconfigure.webservices.client.MockWebServiceServerTestExecutionListener@1e0f9063]
14.01.2022 00:17:24.673 [main] WARN   o.s.b.t.j.DuplicateJsonObjectContextCustomizerFactory$DuplicateJsonObjectContextCustomizer - 

Found multiple occurrences of org.json.JSONObject on the class path:

	jar:file:/Users/sergey/.m2/repository/org/json/json/20180813/json-20180813.jar!/org/json/JSONObject.class
	jar:file:/Users/sergey/.m2/repository/com/vaadin/external/google/android-json/0.0.20131108.vaadin1/android-json-0.0.20131108.vaadin1.jar!/org/json/JSONObject.class

You may wish to exclude one of them to ensure predictable runtime behavior

14.01.2022 00:17:24.686 [main] INFO   c.e.n.u.TestUtils - Starting TestUtils using Java 17.0.1 on 192.168.1.2 with PID 4613 (started by sergey in /Users/sergey/Desktop/notebook-bot)
14.01.2022 00:17:24.686 [main] INFO   c.e.n.u.TestUtils - No active profile set, falling back to default profiles: default
14.01.2022 00:17:25.312 [main] INFO   o.s.d.r.c.RepositoryConfigurationDelegate - Bootstrapping Spring Data JPA repositories in DEFAULT mode.
14.01.2022 00:17:25.438 [main] INFO   o.s.d.r.c.RepositoryConfigurationDelegate - Finished Spring Data repository scanning in 117 ms. Found 2 JPA repository interfaces.
14.01.2022 00:17:26.176 [main] INFO   c.z.h.HikariDataSource - HikariPool-1 - Starting...
14.01.2022 00:17:26.372 [main] INFO   c.z.h.HikariDataSource - HikariPool-1 - Start completed.
14.01.2022 00:17:26.695 [main] INFO   o.h.j.i.u.LogHelper - HHH000204: Processing PersistenceUnitInfo [name: default]
14.01.2022 00:17:26.765 [main] INFO   o.hibernate.Version - HHH000412: Hibernate ORM core version 5.6.3.Final
14.01.2022 00:17:26.909 [main] INFO   o.h.a.common.Version - HCANN000001: Hibernate Commons Annotations {5.1.2.Final}
14.01.2022 00:17:26.985 [main] INFO   o.h.dialect.Dialect - HHH000400: Using dialect: org.hibernate.dialect.PostgreSQL10Dialect
14.01.2022 00:17:27.529 [main] INFO   o.h.e.t.j.p.i.JtaPlatformInitiator - HHH000490: Using JtaPlatform implementation: [org.hibernate.engine.transaction.jta.platform.internal.NoJtaPlatform]
14.01.2022 00:17:27.542 [main] INFO   o.s.o.j.LocalContainerEntityManagerFactoryBean - Initialized JPA EntityManagerFactory for persistence unit 'default'
14.01.2022 00:17:29.391 [main] INFO   c.e.n.u.TestUtils - Started TestUtils in 5.165 seconds (JVM running for 6.776)
14.01.2022 00:17:29.782 [SpringApplicationShutdownHook] INFO   o.s.o.j.LocalContainerEntityManagerFactoryBean - Closing JPA EntityManagerFactory for persistence unit 'default'
14.01.2022 00:17:29.787 [SpringApplicationShutdownHook] INFO   c.z.h.HikariDataSource - HikariPool-1 - Shutdown initiated...
14.01.2022 00:17:29.792 [SpringApplicationShutdownHook] INFO   c.z.h.HikariDataSource - HikariPool-1 - Shutdown completed.
